0 info it worked if it ends with ok
1 verbose cli [ '/usr/local/bin/node',
1 verbose cli   '/usr/local/lib/node_modules/npm/bin/npm-cli.js',
1 verbose cli   'run',
1 verbose cli   'build:prod' ]
2 info using npm@4.1.2
3 info using node@v7.5.0
4 verbose run-script [ 'prebuild:prod', 'build:prod', 'postbuild:prod' ]
5 info lifecycle udemy-nodejs-angular2@1.0.0~prebuild:prod: udemy-nodejs-angular2@1.0.0
6 silly lifecycle udemy-nodejs-angular2@1.0.0~prebuild:prod: no script for prebuild:prod, continuing
7 info lifecycle udemy-nodejs-angular2@1.0.0~build:prod: udemy-nodejs-angular2@1.0.0
8 verbose lifecycle udemy-nodejs-angular2@1.0.0~build:prod: unsafe-perm in lifecycle true
9 verbose lifecycle udemy-nodejs-angular2@1.0.0~build:prod: PATH: /usr/local/lib/node_modules/npm/bin/node-gyp-bin:/Users/eduardocanche/Documents/UDEMY/Angular:Node/seed-project/node_modules/.bin:/Users/eduardocanche/.node_modules_global/bin:/Users/eduardocanche/bin:/usr/local/bin:/usr/local/bin:/usr/bin:/bin:/usr/sbin:/sbin:/Users/eduardocanche/apache-maven-3.3.9/bin:/Users/eduardocanche/mongodb/bin
10 verbose lifecycle udemy-nodejs-angular2@1.0.0~build:prod: CWD: /Users/eduardocanche/Documents/UDEMY/Angular:Node/seed-project
11 silly lifecycle udemy-nodejs-angular2@1.0.0~build:prod: Args: [ '-c',
11 silly lifecycle   'del-cli public/js/app && ngc -p tsconfig.aot.json && ngc -p tsconfig.aot.json && webpack --config webpack.config.prod.js --progress --profile --bail && del-cli \'public/js/app/**/*.js\' \'public/js/app/**/*.js.map\' \'!public/js/app/bundle.js\' \'!public/js/app/*.chunk.js\' \'assets/app/**/*.ngfactory.ts\' \'assets/app/**/*.shim.ts\'' ]
12 silly lifecycle udemy-nodejs-angular2@1.0.0~build:prod: Returned: code: 1  signal: null
13 info lifecycle udemy-nodejs-angular2@1.0.0~build:prod: Failed to exec build:prod script
14 verbose stack Error: udemy-nodejs-angular2@1.0.0 build:prod: `del-cli public/js/app && ngc -p tsconfig.aot.json && ngc -p tsconfig.aot.json && webpack --config webpack.config.prod.js --progress --profile --bail && del-cli 'public/js/app/**/*.js' 'public/js/app/**/*.js.map' '!public/js/app/bundle.js' '!public/js/app/*.chunk.js' 'assets/app/**/*.ngfactory.ts' 'assets/app/**/*.shim.ts'`
14 verbose stack Exit status 1
14 verbose stack     at EventEmitter.<anonymous> (/usr/local/lib/node_modules/npm/lib/utils/lifecycle.js:279:16)
14 verbose stack     at emitTwo (events.js:106:13)
14 verbose stack     at EventEmitter.emit (events.js:192:7)
14 verbose stack     at ChildProcess.<anonymous> (/usr/local/lib/node_modules/npm/lib/utils/spawn.js:40:14)
14 verbose stack     at emitTwo (events.js:106:13)
14 verbose stack     at ChildProcess.emit (events.js:192:7)
14 verbose stack     at maybeClose (internal/child_process.js:890:16)
14 verbose stack     at Process.ChildProcess._handle.onexit (internal/child_process.js:226:5)
15 verbose pkgid udemy-nodejs-angular2@1.0.0
16 verbose cwd /Users/eduardocanche/Documents/UDEMY/Angular:Node/seed-project
17 error Darwin 16.4.0
18 error argv "/usr/local/bin/node" "/usr/local/lib/node_modules/npm/bin/npm-cli.js" "run" "build:prod"
19 error node v7.5.0
20 error npm  v4.1.2
21 error code ELIFECYCLE
22 error udemy-nodejs-angular2@1.0.0 build:prod: `del-cli public/js/app && ngc -p tsconfig.aot.json && ngc -p tsconfig.aot.json && webpack --config webpack.config.prod.js --progress --profile --bail && del-cli 'public/js/app/**/*.js' 'public/js/app/**/*.js.map' '!public/js/app/bundle.js' '!public/js/app/*.chunk.js' 'assets/app/**/*.ngfactory.ts' 'assets/app/**/*.shim.ts'`
22 error Exit status 1
23 error Failed at the udemy-nodejs-angular2@1.0.0 build:prod script 'del-cli public/js/app && ngc -p tsconfig.aot.json && ngc -p tsconfig.aot.json && webpack --config webpack.config.prod.js --progress --profile --bail && del-cli 'public/js/app/**/*.js' 'public/js/app/**/*.js.map' '!public/js/app/bundle.js' '!public/js/app/*.chunk.js' 'assets/app/**/*.ngfactory.ts' 'assets/app/**/*.shim.ts''.
23 error Make sure you have the latest version of node.js and npm installed.
23 error If you do, this is most likely a problem with the udemy-nodejs-angular2 package,
23 error not with npm itself.
23 error Tell the author that this fails on your system:
23 error     del-cli public/js/app && ngc -p tsconfig.aot.json && ngc -p tsconfig.aot.json && webpack --config webpack.config.prod.js --progress --profile --bail && del-cli 'public/js/app/**/*.js' 'public/js/app/**/*.js.map' '!public/js/app/bundle.js' '!public/js/app/*.chunk.js' 'assets/app/**/*.ngfactory.ts' 'assets/app/**/*.shim.ts'
23 error You can get information on how to open an issue for this project with:
23 error     npm bugs udemy-nodejs-angular2
23 error Or if that isn't available, you can get their info via:
23 error     npm owner ls udemy-nodejs-angular2
23 error There is likely additional logging output above.
24 verbose exit [ 1, true ]
